<?xml version="1.0" encoding="UTF-8"?>
<testsuite name="SolverTest" tests="1" skipped="0" failures="0" errors="0" timestamp="2020-05-31T01:54:05" hostname="DESKTOP-PO04678" time="0.989">
  <properties/>
  <testcase name="start" classname="SolverTest" time="0.989"/>
  <system-out><![CDATA[?[1;31m
Start test 1?[0m

 1.00000 1.00000 2.00000 9.00000
 0.00000 1.00000 -3.50000 -8.50000
 0.00000 0.00000 1.00000 3.00000

 1.00000 0.00000 0.00000 1.00000
 0.00000 1.00000 0.00000 2.00000
 0.00000 0.00000 1.00000 3.00000
?[1;31m
Start test 2?[0m

 1.00000 0.00000 1.00000
 0.00000 1.00000 1.00000

 1.00000 0.00000 1.00000
 0.00000 1.00000 1.00000
?[1;31m
Start test 3?[0m

 1.00000 0.00000 1.00000
 0.00000 1.00000 1.00000

 1.00000 0.00000 1.00000
 0.00000 1.00000 1.00000
?[1;31m
Start test 4?[0m

 1.00000 0.00000 1.00000
 0.00000 1.00000 1.00000

 1.00000 0.00000 1.00000
 0.00000 1.00000 1.00000
?[1;31m
Start test 5?[0m

 1.00000 0.00000 2.00000
 0.00000 1.00000 2.00000

 1.00000 0.00000 2.00000
 0.00000 1.00000 2.00000
?[1;31m
Start test 6?[0m

 1.00000 0.00000 1.00000
 0.00000 1.00000 1.00000

 1.00000 0.00000 1.00000
 0.00000 1.00000 1.00000
?[1;31m
Start test 7?[0m

 1.00000 2.00000 1.00000
 0.00000 1.00000 1.00000

 1.00000 0.00000 -1.00000
 0.00000 1.00000 1.00000
?[1;31m
Start test 8?[0m

 1.00000 3.46154 0.65385 2.57692 2.61538 0.34615 2.30769 1.46154 1.42308 1.46154 2.92308 0.53846 1.26923 3.61538 3.38462 2.23077 3.80769 3.23077 0.34615 1.73077 0.69231
 0.00000 1.00000 0.04456 0.45012 0.92232 -0.51226 0.11038 0.05397 -0.40760 -0.31807 0.56500 -0.68111 -0.39370 0.56092 1.01226 0.64350 1.05110 0.46280 -0.21464 0.39370 0.25102
 0.00000 0.00000 1.00000 -7.15868 3.10629 -12.37115 -15.78976 -8.30548 -14.66155 -19.65913 -10.48643 -20.61245 -14.65819 -10.83589 0.37955 4.32603 -3.37126 -11.10129 -0.47904 -3.01867 8.99746
 0.00000 0.00000 0.00000 1.00000 -0.53297 1.10353 1.77491 0.84106 1.51144 1.34254 0.70226 1.79036 1.51209 1.56203 -0.28572 -0.13867 -0.12101 1.35353 -0.04484 -0.08077 -0.64755
 0.00000 0.00000 0.00000 0.00000 1.00000 -12.20720 -8.69956 -5.36947 -13.43462 -25.83806 -12.40893 -23.36098 -9.70584 1.98132 -0.35449 10.96141 -11.45479 -3.35338 -1.72095 -7.47295 8.78166
 0.00000 0.00000 0.00000 0.00000 0.00000 1.00000 0.63787 0.45963 1.01903 2.15543 1.08548 1.93476 0.75359 -0.25110 0.17762 -0.90656 0.98291 0.23646 0.20429 0.67524 -0.77516
 0.00000 0.00000 0.00000 0.00000 0.00000 0.00000 1.00000 -0.81484 1.57830 -2.30717 -3.82683 -7.93408 2.49139 1.18813 -7.24945 0.78363 0.14720 2.54824 -4.02861 -1.82316 7.14948
 0.00000 0.00000 0.00000 0.00000 0.00000 0.00000 0.00000 1.00000 -18.68103 -2.01081 2.28199 5.26836 3.58214 0.17618 21.41723 2.93762 -9.16189 -0.00046 6.70800 -9.33765 -19.05988
 0.00000 0.00000 0.00000 0.00000 0.00000 0.00000 0.00000 0.00000 1.00000 1.58586 0.57340 1.14012 -0.09470 -1.61327 -1.74878 -0.75543 1.87195 -0.40574 -0.00998 1.29038 1.13881
 0.00000 0.00000 0.00000 0.00000 0.00000 0.00000 0.00000 0.00000 0.00000 1.00000 0.43138 0.88502 0.17112 -1.12243 -0.50647 -0.45270 0.96777 -0.23653 0.18762 0.44705 0.16117
 0.00000 0.00000 0.00000 0.00000 0.00000 0.00000 0.00000 0.00000 0.00000 0.00000 1.00000 -1.77954 11.12721 10.48451 7.87777 -2.35671 2.14732 1.07149 -6.73029 -6.33759 -4.18607
 0.00000 0.00000 0.00000 0.00000 0.00000 0.00000 0.00000 0.00000 0.00000 0.00000 0.00000 1.00000 -2.52722 -1.44793 -0.65800 0.71284 -0.79740 -0.55126 1.82897 1.27236 -0.14913
 0.00000 0.00000 0.00000 0.00000 0.00000 0.00000 0.00000 0.00000 0.00000 0.00000 0.00000 0.00000 1.00000 -1.05542 -0.82442 -0.89841 0.03256 0.56048 -0.16129 -0.66048 0.93509
 0.00000 0.00000 0.00000 0.00000 0.00000 0.00000 0.00000 0.00000 0.00000 0.00000 0.00000 0.00000 0.00000 1.00000 0.80007 0.36795 0.00388 -0.22871 -0.18093 0.03834 -0.66642
 0.00000 0.00000 0.00000 0.00000 0.00000 0.00000 0.00000 0.00000 0.00000 0.00000 0.00000 0.00000 0.00000 0.00000 1.00000 -6.78908 8.94979 -0.86499 -9.16484 2.79000 9.57026
 0.00000 0.00000 0.00000 0.00000 0.00000 0.00000 0.00000 0.00000 0.00000 0.00000 0.00000 0.00000 0.00000 0.00000 0.00000 1.00000 -1.33514 0.18922 1.27052 -0.42020 -1.43492
 0.00000 0.00000 0.00000 0.00000 0.00000 0.00000 0.00000 0.00000 0.00000 0.00000 0.00000 0.00000 0.00000 0.00000 0.00000 0.00000 1.00000 0.65664 -2.18430 1.68146 3.10759
 0.00000 0.00000 0.00000 0.00000 0.00000 0.00000 0.00000 0.00000 0.00000 0.00000 0.00000 0.00000 0.00000 0.00000 0.00000 0.00000 0.00000 1.00000 -1.83568 0.53747 1.69511
 0.00000 0.00000 0.00000 0.00000 0.00000 0.00000 0.00000 0.00000 0.00000 0.00000 0.00000 0.00000 0.00000 0.00000 0.00000 0.00000 0.00000 0.00000 1.00000 -1.33443 -0.85538
 0.00000 0.00000 0.00000 0.00000 0.00000 0.00000 0.00000 0.00000 0.00000 0.00000 0.00000 0.00000 0.00000 0.00000 0.00000 0.00000 0.00000 0.00000 0.00000 1.00000 1.53988

 1.00000 0.00000 0.00000 0.00000 0.00000 0.00000 0.00000 0.00000 0.00000 0.00000 0.00000 0.00000 0.00000 0.00000 0.00000 0.00000 0.00000 0.00000 0.00000 0.00000 0.54282
 0.00000 1.00000 0.00000 0.00000 0.00000 0.00000 0.00000 0.00000 0.00000 0.00000 0.00000 0.00000 0.00000 0.00000 0.00000 0.00000 0.00000 0.00000 0.00000 0.00000 -2.39228
 0.00000 0.00000 1.00000 0.00000 0.00000 0.00000 0.00000 0.00000 0.00000 0.00000 0.00000 0.00000 0.00000 0.00000 0.00000 0.00000 0.00000 0.00000 0.00000 0.00000 1.57893
 0.00000 0.00000 0.00000 1.00000 0.00000 0.00000 0.00000 0.00000 0.00000 0.00000 0.00000 0.00000 0.00000 0.00000 0.00000 0.00000 0.00000 0.00000 0.00000 0.00000 -1.36789
 0.00000 0.00000 0.00000 0.00000 1.00000 0.00000 0.00000 0.00000 0.00000 0.00000 0.00000 0.00000 0.00000 0.00000 0.00000 0.00000 0.00000 0.00000 0.00000 0.00000 0.64330
 0.00000 0.00000 0.00000 0.00000 0.00000 1.00000 0.00000 0.00000 0.00000 0.00000 0.00000 0.00000 0.00000 0.00000 0.00000 0.00000 0.00000 0.00000 0.00000 0.00000 -1.75310
 0.00000 0.00000 0.00000 0.00000 0.00000 0.00000 1.00000 0.00000 0.00000 0.00000 0.00000 0.00000 0.00000 0.00000 0.00000 0.00000 0.00000 0.00000 0.00000 0.00000 -0.04324
 0.00000 0.00000 0.00000 0.00000 0.00000 0.00000 0.00000 1.00000 0.00000 0.00000 0.00000 0.00000 0.00000 0.00000 0.00000 0.00000 0.00000 0.00000 0.00000 0.00000 -0.75035
 0.00000 0.00000 0.00000 0.00000 0.00000 0.00000 0.00000 0.00000 1.00000 0.00000 0.00000 0.00000 0.00000 0.00000 0.00000 0.00000 0.00000 0.00000 0.00000 0.00000 -0.82449
 0.00000 0.00000 0.00000 0.00000 0.00000 0.00000 0.00000 0.00000 0.00000 1.00000 0.00000 0.00000 0.00000 0.00000 0.00000 0.00000 0.00000 0.00000 0.00000 0.00000 -0.45617
 0.00000 0.00000 0.00000 0.00000 0.00000 0.00000 0.00000 0.00000 0.00000 0.00000 1.00000 0.00000 0.00000 0.00000 0.00000 0.00000 0.00000 0.00000 0.00000 0.00000 -1.21630
 0.00000 0.00000 0.00000 0.00000 0.00000 0.00000 0.00000 0.00000 0.00000 0.00000 0.00000 1.00000 0.00000 0.00000 0.00000 0.00000 0.00000 0.00000 0.00000 0.00000 0.30930
 0.00000 0.00000 0.00000 0.00000 0.00000 0.00000 0.00000 0.00000 0.00000 0.00000 0.00000 0.00000 1.00000 0.00000 0.00000 0.00000 0.00000 0.00000 0.00000 0.00000 -0.11050
 0.00000 0.00000 0.00000 0.00000 0.00000 0.00000 0.00000 0.00000 0.00000 0.00000 0.00000 0.00000 0.00000 1.00000 0.00000 0.00000 0.00000 0.00000 0.00000 0.00000 1.17174
 0.00000 0.00000 0.00000 0.00000 0.00000 0.00000 0.00000 0.00000 0.00000 0.00000 0.00000 0.00000 0.00000 0.00000 1.00000 0.00000 0.00000 0.00000 0.00000 0.00000 -0.58729
 0.00000 0.00000 0.00000 0.00000 0.00000 0.00000 0.00000 0.00000 0.00000 0.00000 0.00000 0.00000 0.00000 0.00000 0.00000 1.00000 0.00000 0.00000 0.00000 0.00000 -1.39331
 0.00000 0.00000 0.00000 0.00000 0.00000 0.00000 0.00000 0.00000 0.00000 0.00000 0.00000 0.00000 0.00000 0.00000 0.00000 0.00000 1.00000 0.00000 0.00000 0.00000 1.12293
 0.00000 0.00000 0.00000 0.00000 0.00000 0.00000 0.00000 0.00000 0.00000 0.00000 0.00000 0.00000 0.00000 0.00000 0.00000 0.00000 0.00000 1.00000 0.00000 0.00000 3.06935
 0.00000 0.00000 0.00000 0.00000 0.00000 0.00000 0.00000 0.00000 0.00000 0.00000 0.00000 0.00000 0.00000 0.00000 0.00000 0.00000 0.00000 0.00000 1.00000 0.00000 1.19949
 0.00000 0.00000 0.00000 0.00000 0.00000 0.00000 0.00000 0.00000 0.00000 0.00000 0.00000 0.00000 0.00000 0.00000 0.00000 0.00000 0.00000 0.00000 0.00000 1.00000 1.53988
?[1;31m
Start test 9?[0m

 1.00000 5.63636 2.54545 8.54545 4.81818 8.54545 0.54545 9.09091 5.54545 4.09091 0.27273 7.18182 7.90909 2.90909 6.00000 4.54545 1.27273 7.45455 4.00000 1.18182 3.90909
 0.00000 1.00000 0.49260 1.77112 0.90692 1.62936 -0.00621 1.64678 0.92840 0.82243 0.04940 1.29833 1.40382 0.42458 1.08425 0.84439 0.07566 1.56301 0.64320 0.09332 0.65298
 0.00000 0.00000 1.00000 3.34696 0.67017 1.12129 0.00807 0.65681 0.95162 1.55977 1.10595 1.50150 1.05266 0.61581 0.47383 1.63739 -0.63609 3.12553 0.27102 0.02935 0.90105
 0.00000 0.00000 0.00000 1.00000 0.03164 0.33729 -0.24172 0.20206 0.29644 0.23057 0.03699 0.42756 0.23212 -0.05452 0.22348 0.26370 -0.14892 0.76488 -0.05243 -0.18779 0.07516
 0.00000 0.00000 0.00000 0.00000 1.00000 0.00927 -0.03236 -0.68926 -0.96646 0.91373 0.60828 0.28369 -0.35758 0.17009 -0.40770 0.63848 0.48508 0.25185 0.75675 0.69110 0.74078
 0.00000 0.00000 0.00000 0.00000 0.00000 1.00000 -10.23051 -14.78042 -3.96468 0.02614 -16.93373 -9.51612 -17.20655 -26.37996 6.86122 0.14473 2.79474 -17.50396 -3.06510 4.05868 -18.02089
 0.00000 0.00000 0.00000 0.00000 0.00000 0.00000 1.00000 2.28677 0.69407 -1.02572 1.04168 1.66614 2.16124 2.49470 -1.13806 -0.84063 -0.29163 2.13527 -0.51168 -1.13404 1.59442
 0.00000 0.00000 0.00000 0.00000 0.00000 0.00000 0.00000 1.00000 0.23213 -1.09487 -0.47286 0.76204 0.49288 0.17256 -0.64471 -0.94636 -0.07371 0.67259 -0.89633 -0.92100 -0.09270
 0.00000 0.00000 0.00000 0.00000 0.00000 0.00000 0.00000 0.00000 1.00000 -0.69867 -0.83201 -0.29773 0.72695 -0.22211 0.37325 0.07803 -0.00976 -0.61596 -0.24478 -0.15703 0.04703
 0.00000 0.00000 0.00000 0.00000 0.00000 0.00000 0.00000 0.00000 0.00000 1.00000 1.78397 -0.20561 0.76374 2.72051 -0.45117 0.65624 -0.18679 1.15949 0.62401 -0.44910 1.91268
 0.00000 0.00000 0.00000 0.00000 0.00000 0.00000 0.00000 0.00000 0.00000 0.00000 1.00000 0.10618 0.01085 2.75050 -1.77611 -0.74499 0.14822 2.06739 -0.62789 -1.62608 1.12520
 0.00000 0.00000 0.00000 0.00000 0.00000 0.00000 0.00000 0.00000 0.00000 0.00000 0.00000 1.00000 2.10382 -2.81448 0.77381 2.14048 1.13720 -2.61317 -2.64702 -2.42641 -2.16878
 0.00000 0.00000 0.00000 0.00000 0.00000 0.00000 0.00000 0.00000 0.00000 0.00000 0.00000 0.00000 1.00000 -1.70255 0.86623 1.24878 0.19240 -1.45162 -1.14870 -1.22166 -1.40605
 0.00000 0.00000 0.00000 0.00000 0.00000 0.00000 0.00000 0.00000 0.00000 0.00000 0.00000 0.00000 0.00000 1.00000 -0.11456 -0.30919 -0.38688 0.63768 0.42785 0.36833 0.78876
 0.00000 0.00000 0.00000 0.00000 0.00000 0.00000 0.00000 0.00000 0.00000 0.00000 0.00000 0.00000 0.00000 0.00000 1.00000 -0.14487 -0.19936 -0.77918 1.03802 1.72217 0.90963
 0.00000 0.00000 0.00000 0.00000 0.00000 0.00000 0.00000 0.00000 0.00000 0.00000 0.00000 0.00000 0.00000 0.00000 0.00000 1.00000 -1.17086 -2.40292 6.58156 9.26584 9.09257
 0.00000 0.00000 0.00000 0.00000 0.00000 0.00000 0.00000 0.00000 0.00000 0.00000 0.00000 0.00000 0.00000 0.00000 0.00000 0.00000 1.00000 0.20733 -2.23702 -3.44761 -3.24065
 0.00000 0.00000 0.00000 0.00000 0.00000 0.00000 0.00000 0.00000 0.00000 0.00000 0.00000 0.00000 0.00000 0.00000 0.00000 0.00000 0.00000 1.00000 -2.50964 -4.12599 -3.84134
 0.00000 0.00000 0.00000 0.00000 0.00000 0.00000 0.00000 0.00000 0.00000 0.00000 0.00000 0.00000 0.00000 0.00000 0.00000 0.00000 0.00000 0.00000 1.00000 0.94494 1.08110
 0.00000 0.00000 0.00000 0.00000 0.00000 0.00000 0.00000 0.00000 0.00000 0.00000 0.00000 0.00000 0.00000 0.00000 0.00000 0.00000 0.00000 0.00000 0.00000 1.00000 0.47156

 1.00000 0.00000 0.00000 0.00000 0.00000 0.00000 0.00000 0.00000 0.00000 0.00000 0.00000 0.00000 0.00000 0.00000 0.00000 0.00000 0.00000 0.00000 0.00000 0.00000 0.21820
 0.00000 1.00000 0.00000 0.00000 0.00000 0.00000 0.00000 0.00000 0.00000 0.00000 0.00000 0.00000 0.00000 0.00000 0.00000 0.00000 0.00000 0.00000 0.00000 0.00000 0.38864
 0.00000 0.00000 1.00000 0.00000 0.00000 0.00000 0.00000 0.00000 0.00000 0.00000 0.00000 0.00000 0.00000 0.00000 0.00000 0.00000 0.00000 0.00000 0.00000 0.00000 0.23369
 0.00000 0.00000 0.00000 1.00000 0.00000 0.00000 0.00000 0.00000 0.00000 0.00000 0.00000 0.00000 0.00000 0.00000 0.00000 0.00000 0.00000 0.00000 0.00000 0.00000 0.58041
 0.00000 0.00000 0.00000 0.00000 1.00000 0.00000 0.00000 0.00000 0.00000 0.00000 0.00000 0.00000 0.00000 0.00000 0.00000 0.00000 0.00000 0.00000 0.00000 0.00000 -0.18673
 0.00000 0.00000 0.00000 0.00000 0.00000 1.00000 0.00000 0.00000 0.00000 0.00000 0.00000 0.00000 0.00000 0.00000 0.00000 0.00000 0.00000 0.00000 0.00000 0.00000 0.35356
 0.00000 0.00000 0.00000 0.00000 0.00000 0.00000 1.00000 0.00000 0.00000 0.00000 0.00000 0.00000 0.00000 0.00000 0.00000 0.00000 0.00000 0.00000 0.00000 0.00000 -0.55967
 0.00000 0.00000 0.00000 0.00000 0.00000 0.00000 0.00000 1.00000 0.00000 0.00000 0.00000 0.00000 0.00000 0.00000 0.00000 0.00000 0.00000 0.00000 0.00000 0.00000 -0.47057
 0.00000 0.00000 0.00000 0.00000 0.00000 0.00000 0.00000 0.00000 1.00000 0.00000 0.00000 0.00000 0.00000 0.00000 0.00000 0.00000 0.00000 0.00000 0.00000 0.00000 -0.39456
 0.00000 0.00000 0.00000 0.00000 0.00000 0.00000 0.00000 0.00000 0.00000 1.00000 0.00000 0.00000 0.00000 0.00000 0.00000 0.00000 0.00000 0.00000 0.00000 0.00000 -0.45774
 0.00000 0.00000 0.00000 0.00000 0.00000 0.00000 0.00000 0.00000 0.00000 0.00000 1.00000 0.00000 0.00000 0.00000 0.00000 0.00000 0.00000 0.00000 0.00000 0.00000 0.37104
 0.00000 0.00000 0.00000 0.00000 0.00000 0.00000 0.00000 0.00000 0.00000 0.00000 0.00000 1.00000 0.00000 0.00000 0.00000 0.00000 0.00000 0.00000 0.00000 0.00000 -0.19594
 0.00000 0.00000 0.00000 0.00000 0.00000 0.00000 0.00000 0.00000 0.00000 0.00000 0.00000 0.00000 1.00000 0.00000 0.00000 0.00000 0.00000 0.00000 0.00000 0.00000 1.14029
 0.00000 0.00000 0.00000 0.00000 0.00000 0.00000 0.00000 0.00000 0.00000 0.00000 0.00000 0.00000 0.00000 1.00000 0.00000 0.00000 0.00000 0.00000 0.00000 0.00000 0.28082
 0.00000 0.00000 0.00000 0.00000 0.00000 0.00000 0.00000 0.00000 0.00000 0.00000 0.00000 0.00000 0.00000 0.00000 1.00000 0.00000 0.00000 0.00000 0.00000 0.00000 -0.87121
 0.00000 0.00000 0.00000 0.00000 0.00000 0.00000 0.00000 0.00000 0.00000 0.00000 0.00000 0.00000 0.00000 0.00000 0.00000 1.00000 0.00000 0.00000 0.00000 0.00000 -0.33549
 0.00000 0.00000 0.00000 0.00000 0.00000 0.00000 0.00000 0.00000 0.00000 0.00000 0.00000 0.00000 0.00000 0.00000 0.00000 0.00000 1.00000 0.00000 0.00000 0.00000 -0.13089
 0.00000 0.00000 0.00000 0.00000 0.00000 0.00000 0.00000 0.00000 0.00000 0.00000 0.00000 0.00000 0.00000 0.00000 0.00000 0.00000 0.00000 1.00000 0.00000 0.00000 -0.30080
 0.00000 0.00000 0.00000 0.00000 0.00000 0.00000 0.00000 0.00000 0.00000 0.00000 0.00000 0.00000 0.00000 0.00000 0.00000 0.00000 0.00000 0.00000 1.00000 0.00000 0.63550
 0.00000 0.00000 0.00000 0.00000 0.00000 0.00000 0.00000 0.00000 0.00000 0.00000 0.00000 0.00000 0.00000 0.00000 0.00000 0.00000 0.00000 0.00000 0.00000 1.00000 0.47156
]]></system-out>
  <system-err><![CDATA[]]></system-err>
</testsuite>
