<?xml version="1.0" encoding="UTF-8"?>
<testsuite name="SolverTest" tests="1" skipped="0" failures="0" errors="0" timestamp="2020-05-27T02:01:30" hostname="DESKTOP-PO04678" time="0.211">
  <properties/>
  <testcase name="start" classname="SolverTest" time="0.211"/>
  <system-out><![CDATA[?[1;31m
Start test 1?[0m
> 4 5 7
> 3 9 9
0.85714 0.71429?[1;31m
Start test 2?[0m
> 1 2 3
> 4 5 6
-1.00000 2.00000?[1;31m
Start test 3?[0m
> 1.2 3.4 5.6
> 7.8 9.0 12.3
-0.54580 1.83969?[1;31m
Start test 4?[0m
> 23.21 32.12 65.43
> 1 0 1
1.00000 1.31445]]></system-out>
  <system-err><![CDATA[]]></system-err>
</testsuite>
